[12:49:07] Creating Temporary Folder C:\Users\corilususer\AppData\Local\Temp\Corilus_BackupXE\
[12:49:07] Creating Undo Folder C:\Users\corilususer\AppData\Local\Temp\Corilus_BackupXE\Undo\
[12:49:10] Undo file generated at [C:\Users\corilususer\AppData\Local\Temp\Corilus_BackupXE\Undo\Old.zip]
[12:49:12] Process OPSWBACKUP.EXE is not running
[12:49:12] Process CSCBACKUPXE.EXE is not running
[12:49:12] Extracting [C:\Users\corilususer\AppData\Local\Temp\Corilus_BackupXE\CSCXE.zip]
[12:49:12] Decompression
[12:49:12] Zip content : 
[12:49:12]   - ChangeLog.txt [984] -> [2220] CRC : -333931821
[12:49:12]   - CSCBackupXE.exe [3655290] -> [7081984] CRC : -1926615304
[12:49:13] Deleting Zip file
[12:49:13] Directory [C:\corilus_backup\] found.  Renaming to [C:\corilus_backup_Old\]
[12:49:13] Creating new directory [C:\corilus_backup\]
[12:49:13] Start searching for .bat files in [C:\corilus_backup_Old\]
[12:49:13] File [C:\corilus_backup_Old\Greenock_FullHD.bat] found
[12:49:13] File [C:\corilus_backup_Old\Greenock_LogHD.bat] found
[12:49:13]    Loading [C:\corilus_backup_Old\Greenock_FullHD.bat] file
[12:49:13]       Searching for "opswbackup.exe" in batch file
[12:49:13]       ** found **
[12:49:13]          Converting "C:\corilus_backup\opswbackup.exe C:\corilus_backup\Greenock_FullHD.set" to "C:\corilus_backup\CSCBackupXE.exe /config="C:\corilus_backup\Greenock_FullHD.xml" /auto"
[12:49:13]    Saving new batch [C:\corilus_backup\Greenock_FullHD.bat]
[12:49:13]    Loading [C:\corilus_backup_Old\Greenock_LogHD.bat] file
[12:49:13]       Searching for "opswbackup.exe" in batch file
[12:49:13]       ** found **
[12:49:13]          Converting "C:\corilus_backup\opswbackup.exe C:\corilus_backup\Greenock_LogHD.set" to "C:\corilus_backup\CSCBackupXE.exe /config="C:\corilus_backup\Greenock_LogHD.xml" /auto"
[12:49:13]    Saving new batch [C:\corilus_backup\Greenock_LogHD.bat]
[12:49:13] Start searching for .set files in [C:\corilus_backup_Old\]
[12:49:13] File [C:\corilus_backup_Old\Greenock_FullHD.set] found
[12:49:13] File [C:\corilus_backup_Old\Greenock_LogHD.set] found
[12:49:13]    Loading [C:\corilus_backup_Old\Greenock_FullHD.set] file
[12:49:13]    Saving [C:\corilus_backup\Greenock_FullHD.xml] file
[12:49:13]    Loading [C:\corilus_backup_Old\Greenock_LogHD.set] file
[12:49:13]    Saving [C:\corilus_backup\Greenock_LogHD.xml] file
