[15:14:09.267] Creating Temporary Folder C:\Users\Administrator\AppData\Local\Temp\Corilus_BackupXE\
[15:14:09.267] Creating Undo Folder C:\Users\Administrator\AppData\Local\Temp\Corilus_BackupXE\Undo\
[15:14:09.939] Undo file generated at [C:\Users\Administrator\AppData\Local\Temp\Corilus_BackupXE\Undo\Old.zip]
[15:14:11.751] Process OPSWBACKUP.EXE is not running
[15:14:11.751] Process CSCBACKUPXE.EXE is not running
[15:14:11.767] Extracting [C:\Users\Administrator\AppData\Local\Temp\Corilus_BackupXE\CSCXE.zip]
[15:14:11.767] Decompression
[15:14:11.767] Zip content : 
[15:14:11.767]   - ChangeLog.txt [1272] -> [2861] CRC : 247919733
[15:14:11.767]   - CSCBackupXE.exe [3884274] -> [7442944] CRC : -728796805
[15:14:12.017] Deleting Zip file
[15:14:12.017] Directory [C:\corilus_backup\] found.  Renaming to [C:\corilus_backup_Old\]
[15:14:12.548] Creating new directory [C:\corilus_backup\]
[15:14:12.548] Start searching for .bat files in [C:\corilus_backup_Old\]
[15:14:12.548] File [C:\corilus_backup_Old\Backup_MD.bat] found
[15:14:12.548] File [C:\corilus_backup_Old\Greenock_FullHD.bat] found
[15:14:12.548] File [C:\corilus_backup_Old\Greenock_LogHD.bat] found
[15:14:12.548]    Loading [C:\corilus_backup_Old\Backup_MD.bat] file
[15:14:12.548]       Searching for "opswbackup.exe" in batch file
[15:14:12.548]    Saving new batch [C:\corilus_backup\Backup_MD.bat]
[15:14:12.548]    Loading [C:\corilus_backup_Old\Greenock_FullHD.bat] file
[15:14:12.548]       Searching for "opswbackup.exe" in batch file
[15:14:12.548]       ** found **
[15:14:12.548]          Converting "C:\corilus_backup\opswbackup.exe C:\corilus_backup\Greenock_FullHD.set" to "C:\corilus_backup\CSCBackupXE.exe /config="C:\corilus_backup\Greenock_FullHD.xml" /auto"
[15:14:12.548]    Saving new batch [C:\corilus_backup\Greenock_FullHD.bat]
[15:14:12.548]    Loading [C:\corilus_backup_Old\Greenock_LogHD.bat] file
[15:14:12.548]       Searching for "opswbackup.exe" in batch file
[15:14:12.548]       ** found **
[15:14:12.548]          Converting "C:\corilus_backup\opswbackup.exe C:\corilus_backup\Greenock_LogHD.set" to "C:\corilus_backup\CSCBackupXE.exe /config="C:\corilus_backup\Greenock_LogHD.xml" /auto"
[15:14:12.548]    Saving new batch [C:\corilus_backup\Greenock_LogHD.bat]
[15:14:12.564] Start searching for .set files in [C:\corilus_backup_Old\]
[15:14:12.564] File [C:\corilus_backup_Old\Greenock_FullHD.set] found
[15:14:12.564] File [C:\corilus_backup_Old\Greenock_LogHD.set] found
[15:14:12.564]    Loading [C:\corilus_backup_Old\Greenock_FullHD.set] file
[15:14:12.564]    Saving [C:\corilus_backup\Greenock_FullHD.xml] file
[15:14:12.564]    Loading [C:\corilus_backup_Old\Greenock_LogHD.set] file
[15:14:12.564]    Saving [C:\corilus_backup\Greenock_LogHD.xml] file
[15:14:12.579] C:\Users\Administrator\AppData\Local\Temp\Corilus_BackupXE\ChangeLog.txt ==> C:\corilus_backup\ChangeLog.txt
[15:14:12.611] C:\Users\Administrator\AppData\Local\Temp\Corilus_BackupXE\CSCBackupXE.exe ==> C:\corilus_backup\CSCBackupXE.exe
[15:14:12.611] C:\Users\Administrator\AppData\Local\Temp\Corilus_BackupXE\Undo ==> C:\corilus_backup\Undo
[15:14:12.642] ** Update successefully terminated **
