[13:00:42.913] Creating Temporary Folder C:\Users\Administrator\AppData\Local\Temp\Corilus_BackupXE\
[13:00:42.914] Creating Undo Folder C:\Users\Administrator\AppData\Local\Temp\Corilus_BackupXE\Undo\
[13:00:43.811] Undo file generated at [C:\Users\Administrator\AppData\Local\Temp\Corilus_BackupXE\Undo\Old.zip]
[13:00:45.707] Process OPSWBACKUP.EXE is not running
[13:00:45.711] Process CSCBACKUPXE.EXE is not running
[13:00:45.727] Extracting [C:\Users\Administrator\AppData\Local\Temp\Corilus_BackupXE\CSCXE.zip]
[13:00:45.729] Decompression
[13:00:45.729] Zip content : 
[13:00:45.729]   - ChangeLog.txt [1272] -> [2861] CRC : 247919733
[13:00:45.729]   - CSCBackupXE.exe [3884274] -> [7442944] CRC : -728796805
[13:00:46.075] Deleting Zip file
[13:00:46.075] Directory [C:\corilus_backup\] found.  Renaming to [C:\corilus_backup_Old\]
[13:00:46.686] Creating new directory [C:\corilus_backup\]
[13:00:46.686] Start searching for .bat files in [C:\corilus_backup_Old\]
[13:00:46.687] File [C:\corilus_backup_Old\Backup_MD.bat] found
[13:00:46.687] File [C:\corilus_backup_Old\Greenock_FullHD.bat] found
[13:00:46.687] File [C:\corilus_backup_Old\Greenock_LogHD.bat] found
[13:00:46.687]    Loading [C:\corilus_backup_Old\Backup_MD.bat] file
[13:00:46.688]       Searching for "opswbackup.exe" in batch file
[13:00:46.688]    Saving new batch [C:\corilus_backup\Backup_MD.bat]
[13:00:46.691]    Loading [C:\corilus_backup_Old\Greenock_FullHD.bat] file
[13:00:46.692]       Searching for "opswbackup.exe" in batch file
[13:00:46.692]       ** found **
[13:00:46.692]          Converting "C:\corilus_backup\opswbackup.exe C:\corilus_backup\Greenock_FullHD.set" to "C:\corilus_backup\CSCBackupXE.exe /config="C:\corilus_backup\Greenock_FullHD.xml" /auto"
[13:00:46.692]    Saving new batch [C:\corilus_backup\Greenock_FullHD.bat]
[13:00:46.696]    Loading [C:\corilus_backup_Old\Greenock_LogHD.bat] file
[13:00:46.697]       Searching for "opswbackup.exe" in batch file
[13:00:46.697]       ** found **
[13:00:46.697]          Converting "C:\corilus_backup\opswbackup.exe C:\corilus_backup\Greenock_LogHD.set" to "C:\corilus_backup\CSCBackupXE.exe /config="C:\corilus_backup\Greenock_LogHD.xml" /auto"
[13:00:46.697]    Saving new batch [C:\corilus_backup\Greenock_LogHD.bat]
[13:00:46.701] Start searching for .set files in [C:\corilus_backup_Old\]
[13:00:46.701] File [C:\corilus_backup_Old\Greenock_FullHD.set] found
[13:00:46.701] File [C:\corilus_backup_Old\Greenock_LogHD.set] found
[13:00:46.701]    Loading [C:\corilus_backup_Old\Greenock_FullHD.set] file
[13:00:46.710]    Saving [C:\corilus_backup\Greenock_FullHD.xml] file
[13:00:46.711]    Loading [C:\corilus_backup_Old\Greenock_LogHD.set] file
[13:00:46.720]    Saving [C:\corilus_backup\Greenock_LogHD.xml] file
[13:00:46.727] C:\Users\Administrator\AppData\Local\Temp\Corilus_BackupXE\ChangeLog.txt ==> C:\corilus_backup\ChangeLog.txt
[13:00:46.769] C:\Users\Administrator\AppData\Local\Temp\Corilus_BackupXE\CSCBackupXE.exe ==> C:\corilus_backup\CSCBackupXE.exe
[13:00:46.771] C:\Users\Administrator\AppData\Local\Temp\Corilus_BackupXE\Undo ==> C:\corilus_backup\Undo
[13:00:46.796] ** Update successefully terminated **
