{
  "apb":"274309",
  "datestart":"2018-01-18 09:40:58.338",
  "datestop":"2018-01-18 09:41:57.849",
  "result":  0,
  "cscversion":"2.1.0.0",
  "version":"1.0.62",
  "patch":"P28",
  "pharma":"Pharmacie Sotiaux, S.A.",
  "group":"Null",
  "Errors":  
  [
    {
      "tag":"2018-01-18 09:40:58.704",
      "file":"c:\\ProgramData\\Corilus\\Common\\Data\\SQLServer\\backup_Before_Recup0\\",
      "message":"Directory not found",
      "code":      -1    
    },
    {
      "tag":"2018-01-18 09:41:57.849",
      "file":"",
      "message":"Archive Invalid",
      "code":      -1    
    }  
  ],
  "entries":  
  [
    {
      "tag":"2018-01-18 09:40:58.781",
      "name":"ProgramData/Corilus/Common/Data/SQLServer/backup_Before_Recup/cpcl.bak",
      "uncompressed":      4358656,
      "compressed":      628406    
    },
    {
      "tag":"2018-01-18 09:40:59.055",
      "name":"ProgramData/Corilus/Common/Data/SQLServer/backup_Before_Recup/Greenock.bak",
      "uncompressed":      819099136,
      "compressed":      116313126    
    },
    {
      "tag":"2018-01-18 09:41:25.159",
      "name":"GOG Games/PlanetNomads/PlanetNomads_Data/output_log.txt",
      "uncompressed":      22547,
      "compressed":      3074    
    },
    {
      "tag":"2018-01-18 09:41:25.166",
      "name":"Recups/backups/Farmad/ACURA_714903/DBGreenock/CPCL.BAK",
      "uncompressed":      4321280,
      "compressed":      607466    
    },
    {
      "tag":"2018-01-18 09:41:25.514",
      "name":"Recups/backups/Farmad/ACURA_714903/DBGreenock/GREENOCK.BAK",
      "uncompressed":      819126272,
      "compressed":      116314233    
    }  
  ],
  "results":  
  {
    "result":    1,
    "errors":    2,
    "archivename":"e:\\temp\\20180118094058_1.0.62P28_274309.cor"  
  },
  "rules":  
  [
    {
      "to":"st.raid@corilus.be",
      "when":      0    
    }  
  ],
  "upload":  
  [
    {
      "result":"ok",
      "apb":"274309"    
    }  
  ]
}
