{
  "apb":"274309",
  "datestart":"2018-01-15 20:43:55.627",
  "datestop":"2018-01-15 20:45:48.048",
  "result":  0,
  "cscversion":"2.0 alpha",
  "version":"1.0.62",
  "patch":"P28",
  "pharma":"Greenock",
  "Errors":  
  [
    {
      "tag":"2018-01-15 20:43:55.763",
      "file":"c:\\ProgramData\\Corilus\\Common\\Data\\SQLServer\\backup_Before_Recup0\\",
      "message":"Directory not found",
      "code":      -1    
    }  
  ],
  "entries":  
  [
    {
      "tag":"2018-01-15 20:43:55.934",
      "name":"ProgramData/Corilus/Common/Data/SQLServer/backup_Before_Recup/cpcl.bak",
      "uncompressed":      4357632,
      "compressed":      597310    
    },
    {
      "tag":"2018-01-15 20:43:57.492",
      "name":"ProgramData/Corilus/Common/Data/SQLServer/backup_Before_Recup/Greenock.bak",
      "uncompressed":      766621184,
      "compressed":      107635203    
    }  
  ],
  "results":  
  {
    "result":    1,
    "errors":    1,
    "archivename":"c:\\temp\\20180115204355_1.0.62P28_274309.cor"  
  },
  "rules":  
  [
    {
      "to":"yves.godart@corilus.be",
      "when":      0    
    },
    {
      "to":"st.raid@corilus.be",
      "when":      0    
    }  
  ],
  "upload":  
  [
    {
      "result":"ok",
      "apb":"274309"    
    }  
  ]
}
